TN:
SF:scripts\ball.js
FN:12,Ball
FN:19,createBall
FN:30,getBottom
FN:34,getLeft
FN:38,setBottom
FN:42,setLeft
FN:52,ballmovement
FNF:7
FNH:7
FNDA:1,Ball
FNDA:5,createBall
FNDA:4,getBottom
FNDA:41,getLeft
FNDA:3,setBottom
FNDA:3,setLeft
FNDA:1,ballmovement
DA:1,1
DA:2,1
DA:3,1
DA:4,1
DA:5,1
DA:6,1
DA:7,1
DA:8,1
DA:9,1
DA:10,1
DA:11,1
DA:12,1
DA:13,1
DA:14,1
DA:15,1
DA:16,1
DA:17,1
DA:18,1
DA:19,1
DA:20,5
DA:21,5
DA:22,5
DA:23,5
DA:24,5
DA:25,5
DA:26,5
DA:27,5
DA:28,5
DA:29,5
DA:30,1
DA:31,4
DA:32,4
DA:33,4
DA:34,1
DA:35,41
DA:36,41
DA:37,41
DA:38,1
DA:39,3
DA:40,3
DA:41,3
DA:42,1
DA:43,3
DA:44,3
DA:45,3
DA:46,1
DA:47,1
DA:48,1
DA:49,1
DA:50,1
DA:51,1
DA:52,1
DA:53,1
DA:54,1
DA:55,1
DA:56,1
DA:57,1
DA:58,1
LF:58
LH:58
BRDA:1,0,0,1
BRDA:12,1,0,1
BRDA:19,2,0,5
BRDA:30,3,0,4
BRDA:32,4,0,1
BRDA:32,5,0,0
BRDA:34,6,0,41
BRDA:36,7,0,1
BRDA:36,8,0,0
BRDA:38,9,0,3
BRDA:40,10,0,2
BRDA:42,11,0,3
BRDA:44,12,0,2
BRDA:52,13,0,1
BRF:14
BRH:12
end_of_record
TN:
SF:scripts\bricks.js
FN:18,Brick
FN:37,createBrick
FN:49,BrickWall
FN:53,createBricks
FN:63,displayBricks
FN:68,buildWall
FNF:6
FNH:6
FNDA:36,Brick
FNDA:36,createBrick
FNDA:1,BrickWall
FNDA:1,createBricks
FNDA:1,displayBricks
FNDA:1,buildWall
DA:1,1
DA:2,1
DA:3,1
DA:4,1
DA:5,1
DA:6,1
DA:7,1
DA:8,1
DA:9,1
DA:10,1
DA:11,1
DA:12,1
DA:13,1
DA:14,1
DA:15,1
DA:16,1
DA:17,1
DA:18,1
DA:19,36
DA:20,36
DA:21,36
DA:22,36
DA:23,36
DA:24,36
DA:25,36
DA:26,36
DA:27,36
DA:28,36
DA:29,36
DA:30,36
DA:31,36
DA:32,36
DA:33,36
DA:34,36
DA:35,36
DA:36,36
DA:37,1
DA:38,36
DA:39,36
DA:40,36
DA:41,36
DA:42,36
DA:43,36
DA:44,36
DA:45,36
DA:46,1
DA:47,1
DA:48,1
DA:49,1
DA:50,1
DA:51,1
DA:52,1
DA:53,1
DA:54,1
DA:55,4
DA:56,36
DA:57,36
DA:58,36
DA:59,36
DA:60,36
DA:61,4
DA:62,1
DA:63,1
DA:64,1
DA:65,36
DA:66,1
DA:67,1
DA:68,1
DA:69,1
DA:70,1
DA:71,1
DA:72,1
DA:73,1
DA:74,1
DA:75,1
LF:75
LH:75
BRDA:1,0,0,1
BRDA:18,1,0,36
BRDA:37,2,0,36
BRDA:49,3,0,1
BRDA:53,4,0,1
BRDA:54,5,0,4
BRDA:55,6,0,36
BRDA:63,7,0,1
BRDA:64,8,0,36
BRDA:68,9,0,1
BRF:10
BRH:10
end_of_record
TN:
SF:scripts\collision.js
FN:18,collision
FNF:1
FNH:1
FNDA:1,collision
DA:1,1
DA:2,1
DA:3,1
DA:4,1
DA:5,1
DA:6,1
DA:7,1
DA:8,1
DA:9,1
DA:10,1
DA:11,1
DA:12,1
DA:13,1
DA:14,1
DA:15,1
DA:16,1
DA:17,1
DA:18,1
DA:19,1
DA:20,0
DA:21,0
DA:22,1
DA:23,0
DA:24,0
DA:25,1
DA:26,1
DA:27,1
DA:28,1
DA:29,0
DA:30,0
DA:31,0
DA:32,0
DA:33,0
DA:34,1
DA:35,0
DA:36,0
DA:37,0
DA:38,0
DA:39,0
DA:40,0
DA:41,0
DA:42,0
DA:43,0
DA:44,0
DA:45,0
DA:46,1
DA:47,1
DA:48,36
DA:49,36
DA:50,36
DA:51,36
DA:52,36
DA:53,0
DA:54,36
DA:55,0
DA:56,0
DA:57,0
DA:58,0
DA:59,0
DA:60,0
DA:61,0
DA:62,0
DA:63,0
DA:64,0
DA:65,0
DA:66,0
DA:67,0
DA:68,0
DA:69,0
DA:70,0
DA:71,0
DA:72,0
DA:73,0
DA:74,0
DA:75,0
DA:76,36
DA:77,1
DA:78,1
DA:79,1
DA:80,1
LF:80
LH:38
BRDA:1,0,0,1
BRDA:18,1,0,1
BRDA:19,2,0,0
BRDA:22,3,0,0
BRDA:25,4,0,0
BRDA:26,5,0,0
BRDA:28,6,0,0
BRDA:34,7,0,0
BRDA:47,8,0,36
BRDA:50,9,0,0
BRDA:51,10,0,0
BRDA:52,11,0,0
BRDA:54,12,0,0
BRDA:80,13,0,1
BRF:14
BRH:4
end_of_record
TN:
SF:scripts\index.js
FNF:0
FNH:0
DA:1,1
DA:2,1
DA:3,1
DA:4,1
DA:5,1
DA:6,0
DA:7,0
DA:8,0
DA:9,1
LF:9
LH:6
BRDA:1,0,0,1
BRF:1
BRH:1
end_of_record
TN:
SF:scripts\watch.js
FN:5,startStopwatch
FN:12,stopStopwatch
FN:18,resetStopwatch
FN:24,updateStopwatch
FN:34,pad
FNF:5
FNH:0
FNDA:0,startStopwatch
FNDA:0,stopStopwatch
FNDA:0,resetStopwatch
FNDA:0,updateStopwatch
FNDA:0,pad
DA:1,1
DA:2,1
DA:3,1
DA:4,1
DA:5,1
DA:6,0
DA:7,0
DA:8,0
DA:9,0
DA:10,0
DA:11,1
DA:12,1
DA:13,0
DA:14,0
DA:15,0
DA:16,0
DA:17,1
DA:18,1
DA:19,0
DA:20,0
DA:21,0
DA:22,0
DA:23,1
DA:24,0
DA:25,0
DA:26,0
DA:27,0
DA:28,0
DA:29,0
DA:30,0
DA:31,0
DA:32,0
DA:33,1
DA:34,0
DA:35,0
DA:36,0
LF:36
LH:11
BRDA:1,0,0,1
BRF:1
BRH:1
end_of_record
